<?xml version="1.0" encoding="UTF-8"?>
<!-- Generated by org.testng.reporters.JUnitReportReporter -->
<testsuite hostname="DESKTOP-2FLCV7V" failures="0" tests="1" name="com.inetBanking.testCase.TC_LoginPage_001" time="5.935" errors="0" timestamp="2021-11-13T22:26:39 AEDT" skipped="0">
  <testcase classname="com.inetBanking.testCase.TC_LoginPage_001" name="LoginTest" time="5.935"/>
  <system-out/>
</testsuite> <!-- com.inetBanking.testCase.TC_LoginPage_001 -->
